<?xml version="1.0" encoding="UTF-8"?>
<!-- Generated by org.testng.reporters.JUnitXMLReporter -->
<testsuite hostname="BDC4-D-5QR1RG2" name="Test" tests="2" failures="1" timestamp="16 Oct 2018 10:46:40 GMT" time="45.685" errors="0">
  <testcase name="validAdminTest" time="30.091" classname="com.tests.PHPTravelsTest"/>
  <testcase name="invalidAdminTest" time="10.438" classname="com.tests.PHPTravelsTest">
    <failure type="java.lang.AssertionError" message="expected [invalid credentials] but found [Invalid Login Credentials]">
      <![CDATA[java.lang.AssertionError: expected [invalid credentials] but found [Invalid Login Credentials]
	at com.tests.PHPTravelsTest.invalidAdminTest(PHPTravelsTest.java:57)
... Removed 32 stack frames]]>
    </failure>
  </testcase> <!-- invalidAdminTest -->
</testsuite> <!-- Test -->
